<?xml version='1.0' encoding='UTF-8'?>
<testsuite hostname="UKFNQHF24YPL" name="EncodedStringTraitSpec" tests="4" errors="0" failures="0" skipped="0" time="0.005" timestamp="2025-08-22T10:46:39">
          <properties>
      <property name="java.specification.version" value="18"/><property name="sun.jnu.encoding" value="UTF-8"/><property name="sun.arch.data.model" value="64"/><property name="java.vendor.url" value="https://github.com/Homebrew/homebrew-core/issues"/><property name="sun.boot.library.path" value="/opt/homebrew/Cellar/openjdk/18.0.2.1/libexec/openjdk.jdk/Contents/Home/lib"/><property name="sun.java.command" value="/opt/homebrew/Cellar/sbt/1.7.1/libexec/bin/sbt-launch.jar"/><property name="jdk.debug" value="release"/><property name="sun.stderr.encoding" value="UTF-8"/><property name="java.specification.vendor" value="Oracle Corporation"/><property name="java.version.date" value="2022-08-18"/><property name="java.home" value="/opt/homebrew/Cellar/openjdk/18.0.2.1/libexec/openjdk.jdk/Contents/Home"/><property name="file.separator" value="/"/><property name="java.vm.compressedOopsMode" value="Zero based"/><property name="line.separator" value="
"/><property name="sun.stdout.encoding" value="UTF-8"/><property name="java.vm.specification.vendor" value="Oracle Corporation"/><property name="java.specification.name" value="Java Platform API Specification"/><property name="sun.management.compiler" value="HotSpot 64-Bit Tiered Compilers"/><property name="java.runtime.version" value="18.0.2.1+0"/><property name="user.name" value="rel21"/><property name="log4j.ignoreTCL" value="true"/><property name="file.encoding" value="UTF-8"/><property name="java.vendor.version" value="Homebrew"/><property name="java.io.tmpdir" value="/var/folders/49/dqrbxx7d4lggmdw_81s7cp8c0000gp/T/"/><property name="java.version" value="18.0.2.1"/><property name="java.vm.specification.name" value="Java Virtual Machine Specification"/><property name="native.encoding" value="UTF-8"/><property name="java.library.path" value="/Users/rel21/Library/Java/Extensions:/Library/Java/Extensions:/Network/Library/Java/Extensions:/System/Library/Java/Extensions:/usr/lib/java:."/><property name="java.vendor" value="Homebrew"/><property name="scala.ext.dirs" value="/Users/rel21/.sbt/1.0/java9-rt-ext-homebrew_18_0_2_1"/><property name="sun.io.unicode.encoding" value="UnicodeBig"/><property name="java.class.path" value="/opt/homebrew/Cellar/sbt/1.7.1/libexec/bin/sbt-launch.jar"/><property name="java.vm.vendor" value="Homebrew"/><property name="jline.shutdownhook" value="false"/><property name="user.timezone" value="Europe/London"/><property name="java.vm.specification.version" value="18"/><property name="os.name" value="Mac OS X"/><property name="sun.java.launcher" value="SUN_STANDARD"/><property name="user.country" value="GB"/><property name="sun.cpu.endian" value="little"/><property name="user.home" value="/Users/rel21"/><property name="user.language" value="en"/><property name="sbt.script" value="/opt/homebrew/Cellar/sbt/1.7.1/libexec/bin/sbt"/><property name="sbt.ipcsocket.tmpdir" value="/var/folders/49/dqrbxx7d4lggmdw_81s7cp8c0000gp/T/.sbtb1cda222/ipcsocket"/><property name="swoval.tmpdir" value="/var/folders/49/dqrbxx7d4lggmdw_81s7cp8c0000gp/T/.sbtb1cda222/swoval"/><property name="apple.awt.application.name" value="Boot"/><property name="jline.esc.timeout" value="0"/><property name="path.separator" value=":"/><property name="os.version" value="15.6"/><property name="jna.nosys" value="true"/><property name="java.runtime.name" value="OpenJDK Runtime Environment"/><property name="java.vm.name" value="OpenJDK 64-Bit Server VM"/><property name="java.vendor.url.bug" value="https://github.com/Homebrew/homebrew-core/issues"/><property name="user.dir" value="/Users/rel21/Documents/IntelliJ-workspace/Sky_Repos/mentoring"/><property name="os.arch" value="aarch64"/><property name="java.vm.info" value="mixed mode, sharing"/><property name="java.vm.version" value="18.0.2.1+0"/><property name="java.class.version" value="62.0"/>
    </properties>
          <testcase classname="EncodedStringTraitSpec" name="EncodedStringTrait should decode a simple string correctly" time="0.004">
                      
                    </testcase><testcase classname="EncodedStringTraitSpec" name="EncodedStringTrait should decode a string with multiple digits correctly" time="0.0">
                      
                    </testcase><testcase classname="EncodedStringTraitSpec" name="EncodedStringTrait should decode a nested string correctly" time="0.001">
                      
                    </testcase><testcase classname="EncodedStringTraitSpec" name="EncodedStringTrait should decode a string where the number is more than one digit" time="0.0">
                      
                    </testcase>
          <system-out><![CDATA[]]></system-out>
          <system-err><![CDATA[]]></system-err>
        </testsuite>